2021-11-06 12:56: Dialog: document opened
2021-11-06 12:56: file: C:\Users\angel\Documents\song.txt
2021-11-06 12:56: File information: Lines: 4
2021-11-06 12:56: 3
2021-11-06 12:56: 2
2021-11-06 12:56: 1
2021-11-06 12:56: 0
2021-11-06 12:56: 0
2021-11-06 12:56: 3
2021-11-06 12:56: 2
2021-11-06 12:56: 1
2021-11-06 13:42: Dialog: document opened
2021-11-06 13:42: file: C:\Users\angel\Documents\textos\zapateando juyayay.txt
2021-11-06 13:42: File information: Lines: 50
2021-11-06 13:42: 49
2021-11-06 13:42: 0
2021-11-06 13:42: 0
2021-11-06 13:42: 49
2021-11-06 13:42: 0
2021-11-06 13:44: Dialog: document opened
2021-11-06 13:44: file: C:\Users\angel\Documents\textos\RAP.txt
2021-11-06 13:44: File information: Lines: 37
2021-11-06 13:44: 36
2021-11-06 13:44: 35
2021-11-06 13:44: 34
2021-11-06 13:44: 33
2021-11-06 13:44: 32
2021-11-06 13:44: 31
2021-11-06 13:44: 30
2021-11-06 13:44: 29
2021-11-06 13:44: 28
2021-11-06 13:48: Dialog: Documento abierto
2021-11-06 13:48: file: C:\Users\angel\Documents\My Swite\programs\Blind Text\Source Code\command close.txt
2021-11-06 13:48: File information: Lines: 1
2021-11-06 13:48: 0
2021-11-06 13:48: 0
2021-11-06 13:48: 0
2021-11-06 13:48: 0
2021-11-06 13:48: 0
2021-11-06 13:49: Dialog: Documento abierto
2021-11-06 13:49: file: C:\Users\angel\Documents\song.txt
2021-11-06 13:49: File information: Lines: 4
2021-11-06 13:49: 3
2021-11-06 13:49: error reading file...
2021-11-06 14:16: Dialog: Historial
2021-11-06 14:16: file: config\cliphistory.btx
2021-11-06 14:16: File information: Lines: 18
2021-11-06 14:17: Dialog: Historial
2021-11-06 14:17: file: config\cliphistory.btx
2021-11-06 14:17: File information: Lines: 18
2021-11-06 14:17: 0
2021-11-06 14:17: 0
2021-11-06 14:17: 17
2021-11-06 14:17: 16
2021-11-06 14:17: 17
2021-11-06 14:17: 16
2021-11-06 14:17: 15
2021-11-06 14:17: 14
2021-11-06 14:17: 13
2021-11-06 14:17: 12
2021-11-06 14:17: 11
2021-11-06 14:17: 10
2021-11-06 14:17: 17
2021-11-06 14:17: 16
2021-11-06 14:19: Dialog: Historial
2021-11-06 14:19: file: config\cliphistory.btx
2021-11-06 14:19: File information: Lines: 18
2021-11-06 14:19: 17
2021-11-06 14:19: 0
2021-11-06 14:19: 17
2021-11-06 14:19: 16
2021-11-06 14:19: 6
2021-11-06 14:19: 0
2021-11-06 14:19: 17
2021-11-06 14:19: 0
2021-11-06 14:19: 17
2021-11-06 14:19: 17
2021-11-06 14:19: 17
2021-11-06 14:19: 17
2021-11-06 14:19: 0
2021-11-06 14:19: 0
2021-11-06 14:20: 17
2021-11-06 14:20: 0
2021-11-06 14:20: 17
2021-11-06 14:20: 0
2021-11-06 14:20: 0
2021-11-06 14:20: 0
